{"level":"error","message":{"error":"Cannot destructure property 'username' of 'req.user' as it is undefined."}}
{"level":"error","message":{"error":"Cannot destructure property 'username' of 'req.user' as it is undefined."}}
{"level":"error","message":{"error":"Cannot destructure property 'username' of 'req.user' as it is undefined."}}
{"level":"error","message":{"error":"sendEmail is not defined"}}
{"level":"error","message":{"error":"sendEmail is not defined"}}
{"level":"error","message":{"error":"reqa is not defined"}}
{"level":"error","message":{"error":"cart_id is not defined"}}
{"level":"error","message":{"error":"alert is not defined"}}
{"level":"error","message":{"error":"getAll is not a function"}}
{"level":"error","message":{"error":"getProducts is not defined"}}
{"level":"error","message":{"error":"Cast to ObjectId failed for value \"{\n  _id: {\n    _id: new ObjectId(\"6375a79147df7819e8f8670d\"),\n    user_id: new ObjectId(\"6375a78e47df7819e8f8670a\"),\n    products: [ [Object], [Object], [Object] ],\n    createdAt: 2022-11-17T03:16:33.967Z,\n    updatedAt: 2022-11-17T03:16:47.238Z,\n    __v: 0\n  }\n}\" (type Object) at path \"_id\" for model \"Cart\""}}
{"level":"error","message":{"error":"Cast to ObjectId failed for value \"{\n  _id: {\n    _id: new ObjectId(\"6375a79147df7819e8f8670d\"),\n    user_id: new ObjectId(\"6375a78e47df7819e8f8670a\"),\n    products: [ [Object], [Object], [Object] ],\n    createdAt: 2022-11-17T03:16:33.967Z,\n    updatedAt: 2022-11-17T03:16:47.238Z,\n    __v: 0\n  }\n}\" (type Object) at path \"_id\" for model \"Cart\""}}
{"level":"error","message":{"error":"Cast to ObjectId failed for value \"{\n  _id: {\n    _id: new ObjectId(\"6375a79147df7819e8f8670d\"),\n    user_id: new ObjectId(\"6375a78e47df7819e8f8670a\"),\n    products: [ [Object], [Object], [Object] ],\n    createdAt: 2022-11-17T03:16:33.967Z,\n    updatedAt: 2022-11-17T03:16:47.238Z,\n    __v: 0\n  }\n}\" (type Object) at path \"_id\" for model \"Cart\""}}
{"level":"error","message":{"error":"Cast to ObjectId failed for value \"{\n  _id: {\n    _id: new ObjectId(\"6375a79147df7819e8f8670d\"),\n    user_id: new ObjectId(\"6375a78e47df7819e8f8670a\"),\n    products: [ [Object], [Object], [Object] ],\n    createdAt: 2022-11-17T03:16:33.967Z,\n    updatedAt: 2022-11-17T03:16:47.238Z,\n    __v: 0\n  }\n}\" (type Object) at path \"_id\" for model \"Cart\""}}
{"level":"error","message":{"error":"Cast to ObjectId failed for value \"{\n  _id: {\n    _id: new ObjectId(\"6375a79147df7819e8f8670d\"),\n    user_id: new ObjectId(\"6375a78e47df7819e8f8670a\"),\n    products: [ [Object], [Object], [Object] ],\n    createdAt: 2022-11-17T03:16:33.967Z,\n    updatedAt: 2022-11-17T03:16:47.238Z,\n    __v: 0\n  }\n}\" (type Object) at path \"_id\" for model \"Cart\""}}
{"level":"error","message":{"error":"Cast to ObjectId failed for value \"{\n  _id: {\n    _id: new ObjectId(\"6375a79147df7819e8f8670d\"),\n    user_id: new ObjectId(\"6375a78e47df7819e8f8670a\"),\n    products: [ [Object], [Object], [Object] ],\n    createdAt: 2022-11-17T03:16:33.967Z,\n    updatedAt: 2022-11-17T03:16:47.238Z,\n    __v: 0\n  }\n}\" (type Object) at path \"_id\" for model \"Cart\""}}
{"level":"error","message":{"error":"Cast to ObjectId failed for value \"{\n  _id: {\n    _id: new ObjectId(\"6375a79147df7819e8f8670d\"),\n    user_id: new ObjectId(\"6375a78e47df7819e8f8670a\"),\n    products: [ [Object], [Object], [Object] ],\n    createdAt: 2022-11-17T03:16:33.967Z,\n    updatedAt: 2022-11-17T03:16:47.238Z,\n    __v: 0\n  }\n}\" (type Object) at path \"_id\" for model \"Cart\""}}
{"level":"error","message":{"error":"Cast to ObjectId failed for value \"{\n  _id: {\n    _id: new ObjectId(\"6375a79147df7819e8f8670d\"),\n    user_id: new ObjectId(\"6375a78e47df7819e8f8670a\"),\n    products: [ [Object], [Object], [Object] ],\n    createdAt: 2022-11-17T03:16:33.967Z,\n    updatedAt: 2022-11-17T03:16:47.238Z,\n    __v: 0\n  }\n}\" (type Object) at path \"_id\" for model \"Cart\""}}
{"level":"error","message":{"error":"Cast to ObjectId failed for value \"{\n  _id: {\n    _id: new ObjectId(\"6375a79147df7819e8f8670d\"),\n    user_id: new ObjectId(\"6375a78e47df7819e8f8670a\"),\n    products: [ [Object], [Object], [Object] ],\n    createdAt: 2022-11-17T03:16:33.967Z,\n    updatedAt: 2022-11-17T03:16:47.238Z,\n    __v: 0\n  }\n}\" (type Object) at path \"_id\" for model \"Cart\""}}
{"level":"error","message":{"error":"Cast to ObjectId failed for value \"{\n  _id: {\n    _id: new ObjectId(\"6375a79147df7819e8f8670d\"),\n    user_id: new ObjectId(\"6375a78e47df7819e8f8670a\"),\n    products: [ [Object], [Object], [Object] ],\n    createdAt: 2022-11-17T03:16:33.967Z,\n    updatedAt: 2022-11-17T03:16:47.238Z,\n    __v: 0\n  }\n}\" (type Object) at path \"_id\" for model \"Cart\""}}
{"level":"error","message":{"error":"Cast to ObjectId failed for value \"{\n  _id: {\n    _id: new ObjectId(\"6375a79147df7819e8f8670d\"),\n    user_id: new ObjectId(\"6375a78e47df7819e8f8670a\"),\n    products: [ [Object], [Object], [Object] ],\n    createdAt: 2022-11-17T03:16:33.967Z,\n    updatedAt: 2022-11-17T03:16:47.238Z,\n    __v: 0\n  }\n}\" (type Object) at path \"_id\" for model \"Cart\""}}
{"level":"error","message":{"error":"Cast to ObjectId failed for value \"{\n  _id: {\n    _id: new ObjectId(\"6375a79147df7819e8f8670d\"),\n    user_id: new ObjectId(\"6375a78e47df7819e8f8670a\"),\n    products: [ [Object], [Object], [Object] ],\n    createdAt: 2022-11-17T03:16:33.967Z,\n    updatedAt: 2022-11-17T03:16:47.238Z,\n    __v: 0\n  }\n}\" (type Object) at path \"_id\" for model \"Cart\""}}
{"level":"error","message":{"error":"Cast to ObjectId failed for value \"{\n  _id: {\n    _id: new ObjectId(\"6375a79147df7819e8f8670d\"),\n    user_id: new ObjectId(\"6375a78e47df7819e8f8670a\"),\n    products: [ [Object], [Object], [Object] ],\n    createdAt: 2022-11-17T03:16:33.967Z,\n    updatedAt: 2022-11-17T03:16:47.238Z,\n    __v: 0\n  }\n}\" (type Object) at path \"_id\" for model \"Cart\""}}
{"level":"error","message":{"error":"Cast to ObjectId failed for value \"{\n  _id: {\n    _id: new ObjectId(\"6375a79147df7819e8f8670d\"),\n    user_id: new ObjectId(\"6375a78e47df7819e8f8670a\"),\n    products: [ [Object], [Object], [Object] ],\n    createdAt: 2022-11-17T03:16:33.967Z,\n    updatedAt: 2022-11-17T03:16:47.238Z,\n    __v: 0\n  }\n}\" (type Object) at path \"_id\" for model \"Cart\""}}
{"level":"error","message":{"error":"Cast to ObjectId failed for value \"{\n  _id: {\n    _id: new ObjectId(\"6375a79147df7819e8f8670d\"),\n    user_id: new ObjectId(\"6375a78e47df7819e8f8670a\"),\n    products: [ [Object], [Object], [Object] ],\n    createdAt: 2022-11-17T03:16:33.967Z,\n    updatedAt: 2022-11-17T03:16:47.238Z,\n    __v: 0\n  }\n}\" (type Object) at path \"_id\" for model \"Cart\""}}
{"level":"error","message":{"error":"Cast to ObjectId failed for value \"{\n  _id: {\n    _id: new ObjectId(\"6375a79147df7819e8f8670d\"),\n    user_id: new ObjectId(\"6375a78e47df7819e8f8670a\"),\n    products: [ [Object], [Object], [Object] ],\n    createdAt: 2022-11-17T03:16:33.967Z,\n    updatedAt: 2022-11-17T03:16:47.238Z,\n    __v: 0\n  }\n}\" (type Object) at path \"_id\" for model \"Cart\""}}
{"level":"error","message":{"error":"Cast to ObjectId failed for value \"{\n  _id: {\n    _id: new ObjectId(\"6375a79147df7819e8f8670d\"),\n    user_id: new ObjectId(\"6375a78e47df7819e8f8670a\"),\n    products: [ [Object], [Object], [Object] ],\n    createdAt: 2022-11-17T03:16:33.967Z,\n    updatedAt: 2022-11-17T03:16:47.238Z,\n    __v: 0\n  }\n}\" (type Object) at path \"_id\" for model \"Cart\""}}
{"level":"error","message":{"error":"Cast to ObjectId failed for value \"{\n  _id: {\n    _id: new ObjectId(\"6375a79147df7819e8f8670d\"),\n    user_id: new ObjectId(\"6375a78e47df7819e8f8670a\"),\n    products: [ [Object], [Object], [Object] ],\n    createdAt: 2022-11-17T03:16:33.967Z,\n    updatedAt: 2022-11-17T03:16:47.238Z,\n    __v: 0\n  }\n}\" (type Object) at path \"_id\" for model \"Cart\""}}
{"level":"error","message":{"error":"Cast to ObjectId failed for value \"{\n  _id: {\n    _id: new ObjectId(\"6375a79147df7819e8f8670d\"),\n    user_id: new ObjectId(\"6375a78e47df7819e8f8670a\"),\n    products: [ [Object], [Object], [Object] ],\n    createdAt: 2022-11-17T03:16:33.967Z,\n    updatedAt: 2022-11-17T03:16:47.238Z,\n    __v: 0\n  }\n}\" (type Object) at path \"_id\" for model \"Cart\""}}
{"level":"error","message":{"error":"Cast to ObjectId failed for value \"{\n  _id: {\n    _id: new ObjectId(\"6375a79147df7819e8f8670d\"),\n    user_id: new ObjectId(\"6375a78e47df7819e8f8670a\"),\n    products: [ [Object], [Object], [Object] ],\n    createdAt: 2022-11-17T03:16:33.967Z,\n    updatedAt: 2022-11-17T03:16:47.238Z,\n    __v: 0\n  }\n}\" (type Object) at path \"_id\" for model \"Cart\""}}
{"level":"error","message":{"error":"Cast to ObjectId failed for value \"{\n  _id: {\n    _id: new ObjectId(\"6375a79147df7819e8f8670d\"),\n    user_id: new ObjectId(\"6375a78e47df7819e8f8670a\"),\n    products: [ [Object], [Object], [Object] ],\n    createdAt: 2022-11-17T03:16:33.967Z,\n    updatedAt: 2022-11-17T03:16:47.238Z,\n    __v: 0\n  }\n}\" (type Object) at path \"_id\" for model \"Cart\""}}
{"level":"error","message":{"error":"CastError: Cast to ObjectId failed for value \"6375A0FF2A01CCB943F480ED\\t\" (type string) at path \"_id\" for model \"Products\""}}
{"level":"error","message":{"error":"Cannot read properties of undefined (reading 'findOneAndUpdate')"}}
{"level":"error","message":{"error":"Cannot read properties of undefined (reading 'findByIdAndUpdate')"}}
{"level":"error","message":{"error":"Cannot read properties of undefined (reading 'findByIdAndUpdate')"}}
{"level":"error","message":{"error":"Cannot read properties of undefined (reading 'findOne')"}}
{"level":"error","message":{"error":"Cannot read properties of undefined (reading 'findOne')"}}
{"level":"error","message":{"error":"Cannot read properties of undefined (reading 'findOne')"}}
{"level":"error","message":{"error":"Cannot read properties of undefined (reading 'findOneAndUpdate')"}}
{"level":"error","message":{"error":"errorLogger is not defined"}}
