{"level":"warn","message":{"URL":"/asdsadsa","method":"GET"}}
{"level":"warn","message":{"URL":"/asdsadsa","method":"GET"}}
{"level":"warn","message":{"URL":"/login/styles.css","method":"GET"}}
{"level":"warn","message":{"URL":"/login/styles.css","method":"GET"}}
{"level":"warn","message":{"URL":"/login/styles.css","method":"GET"}}
{"level":"warn","message":{"URL":"/public/styles.css","method":"GET"}}
{"level":"warn","message":{"URL":"/public/styles.css","method":"GET"}}
{"level":"warn","message":{"URL":"/login/styles.css","method":"GET"}}
{"level":"warn","message":{"URL":"/socket.io/socket.io.js","method":"GET"}}
{"level":"warn","message":{"URL":"/src/utils/passwordsFunctions.js","method":"GET"}}
{"level":"warn","message":{"URL":"/src/utils/passwordsFunctions.js","method":"GET"}}
{"level":"warn","message":{"URL":"/socket.io/socket.io.js","method":"GET"}}
{"level":"warn","message":{"URL":"/socket.io/socket.io.js","method":"GET"}}
{"level":"warn","message":{"URL":"/socket.io/socket.io.js","method":"GET"}}
{"level":"warn","message":{"URL":"/socket.io/socket.io.js","method":"GET"}}
{"level":"warn","message":{"URL":"/socket.io/socket.io.js","method":"GET"}}
{"level":"warn","message":{"URL":"/socket.io/socket.io.js","method":"GET"}}
{"level":"warn","message":{"URL":"/socket.io/socket.io.js","method":"GET"}}
{"level":"warn","message":{"URL":"/socket.io/socket.io.js","method":"GET"}}
{"level":"warn","message":{"URL":"/socket.io/socket.io.js","method":"GET"}}
{"level":"warn","message":{"URL":"/socket.io/socket.io.js","method":"GET"}}
{"level":"warn","message":{"URL":"/socket.io/socket.io.js","method":"GET"}}
{"level":"warn","message":{"URL":"/src/utils/validateEmail.js","method":"GET"}}
{"level":"warn","message":{"URL":"/src/utils/validateEmail.js","method":"GET"}}
{"level":"warn","message":{"URL":"/src/utils/validateEmail.js","method":"GET"}}
{"level":"warn","message":{"URL":"/src/utils/validateEmail.js","method":"GET"}}
{"level":"warn","message":{"URL":"/src/utils/validateEmail.js","method":"GET"}}
{"level":"warn","message":{"URL":"/src/utils/validateEmail.js","method":"GET"}}
{"level":"warn","message":{"URL":"/src/utils/validateEmail.js","method":"GET"}}
{"level":"warn","message":{"URL":"/src/utils/validateEmail.js","method":"GET"}}
{"level":"warn","message":{"URL":"/src/utils/validateEmail.js","method":"GET"}}
{"level":"warn","message":{"URL":"/public/src/utils/validateEmail.js","method":"GET"}}
{"level":"warn","message":{"URL":"/src/utils/validateEmail.js","method":"GET"}}
{"level":"warn","message":{"URL":"/src/utils/validateEmail.js","method":"GET"}}
{"level":"warn","message":{"URL":"/src/utils/validateEmail.js","method":"GET"}}
{"level":"warn","message":{"URL":"/styles.css","method":"GET"}}
{"level":"warn","message":{"URL":"/src/utils/validateEmail.js","method":"GET"}}
{"level":"warn","message":{"URL":"/styles.css","method":"GET"}}
{"level":"warn","message":{"URL":"/src/utils/validateEmail.js","method":"GET"}}
{"level":"warn","message":{"URL":"/styles.css","method":"GET"}}
{"level":"warn","message":{"URL":"/styles.css","method":"GET"}}
{"level":"warn","message":{"URL":"/src/utils/validateEmail.js","method":"GET"}}
{"level":"warn","message":{"URL":"/styles.css","method":"GET"}}
{"level":"warn","message":{"URL":"/src/utils/validateEmail.js","method":"GET"}}
{"level":"warn","message":{"URL":"/styles.css","method":"GET"}}
{"level":"warn","message":{"URL":"/src/utils/validateEmail.js","method":"GET"}}
{"level":"warn","message":{"URL":"/styles.css","method":"GET"}}
{"level":"warn","message":{"URL":"/src/utils/validateEmail.js","method":"GET"}}
{"level":"warn","message":{"URL":"/styles.css","method":"GET"}}
{"level":"warn","message":{"URL":"/validateEmail.js","method":"GET"}}
{"level":"warn","message":{"URL":"/styles.css","method":"GET"}}
{"level":"warn","message":{"URL":"/validateEmail.js","method":"GET"}}
{"level":"warn","message":{"URL":"/styles.css","method":"GET"}}
{"level":"warn","message":{"URL":"/validateEmail.js","method":"GET"}}
{"level":"warn","message":{"URL":"/perro","method":"GET"}}
{"level":"warn","message":{"URL":"/public/perro.jpg","method":"GET"}}
{"level":"warn","message":{"URL":"/favicon.ico","method":"GET"}}
{"level":"warn","message":{"URL":"/6af3de07-03a6-4220-8357-82dd051d580f.jpg","method":"GET"}}
{"level":"warn","message":{"URL":"/faillogin","method":"GET"}}
{"level":"warn","message":{"URL":"/faillogin","method":"GET"}}
{"level":"warn","message":{"URL":"/faillogin","method":"GET"}}
{"level":"warn","message":{"URL":"/faillogin","method":"GET"}}
{"level":"warn","message":{"URL":"/faillogin","method":"GET"}}
{"level":"warn","message":{"URL":"/faillogin","method":"GET"}}
{"level":"warn","message":{"URL":"/faillogin","method":"GET"}}
{"level":"warn","message":{"URL":"/url.com","method":"GET"}}
{"level":"warn","message":{"URL":"/url.com","method":"GET"}}
{"level":"warn","message":{"URL":"/url.com","method":"GET"}}
{"level":"warn","message":{"URL":"/favicon.ico","method":"GET"}}
{"level":"warn","message":{"URL":"/url.com","method":"GET"}}
{"level":"warn","message":{"URL":"/url.com","method":"GET"}}
{"level":"warn","message":{"URL":"/url.com","method":"GET"}}
{"level":"warn","message":{"URL":"/url.com","method":"GET"}}
{"level":"warn","message":{"URL":"/url.com","method":"GET"}}
{"level":"warn","message":{"URL":"/url.com","method":"GET"}}
{"level":"warn","message":{"URL":"/url.com","method":"GET"}}
{"level":"warn","message":{"URL":"/url.com","method":"GET"}}
{"level":"warn","message":{"URL":"/url.com","method":"GET"}}
{"level":"warn","message":{"URL":"/url.com","method":"GET"}}
{"level":"warn","message":{"URL":"/url.com","method":"GET"}}
{"level":"warn","message":{"URL":"/url.com","method":"GET"}}
{"level":"warn","message":{"URL":"/url.com","method":"GET"}}
{"level":"warn","message":{"URL":"/url.com","method":"GET"}}
{"level":"warn","message":{"URL":"/url.com","method":"GET"}}
{"level":"warn","message":{"URL":"/url.com","method":"GET"}}
{"level":"warn","message":{"URL":"/url.com","method":"GET"}}
{"level":"warn","message":{"URL":"/home/products","method":"GET"}}
{"level":"warn","message":{"URL":"/home/info","method":"GET"}}
{"level":"warn","message":{"URL":"/home/uploads/2c8c68a7-d9f4-4a3c-a2e2-f96148d3b308.jpg","method":"GET"}}
{"level":"warn","message":{"URL":"/home/products","method":"GET"}}
{"level":"warn","message":{"URL":"/home/products","method":"GET"}}
{"level":"warn","message":{"URL":"/favicon.ico","method":"GET"}}
{"level":"warn","message":{"URL":"/home/products","method":"GET"}}
{"level":"warn","message":{"URL":"/home/products","method":"GET"}}
{"level":"warn","message":{"URL":"/products","method":"GET"}}
{"level":"warn","message":{"URL":"/products","method":"GET"}}
{"level":"warn","message":{"URL":"/products","method":"GET"}}
{"level":"warn","message":{"URL":"/products","method":"GET"}}
{"level":"warn","message":{"URL":"/products","method":"GET"}}
{"level":"warn","message":{"URL":"/products","method":"GET"}}
{"level":"warn","message":{"URL":"/products","method":"GET"}}
{"level":"warn","message":{"URL":"/products","method":"GET"}}
{"level":"warn","message":{"URL":"/products","method":"GET"}}
{"level":"warn","message":{"URL":"/api/carritos/all/productos","method":"GET"}}
{"level":"warn","message":{"URL":"/api/carrito/%7B%7B../sanitizedUser.cart_id%7D%7D/productos","method":"POST"}}
{"level":"warn","message":{"URL":"/cart","method":"POST"}}
{"level":"warn","message":{"URL":"/public","method":"GET"}}
{"level":"warn","message":{"URL":"/public","method":"GET"}}
{"level":"warn","message":{"URL":"/carts","method":"GET"}}
{"level":"warn","message":{"URL":"/carts","method":"GET"}}
{"level":"warn","message":{"URL":"/carts/6375a79147df7819e8f8670d/63753BDE6676EB9283A1116E","method":"DELETE"}}
{"level":"warn","message":{"URL":"/carts/6375a79147df7819e8f8670d/63753BDE6676EB9283A1116E","method":"DELETE"}}
{"level":"warn","message":{"URL":"/carts/6375a79147df7819e8f8670d/63753BDE6676EB9283A1116E","method":"DELETE"}}
{"level":"warn","message":{"URL":"/cart63753bd46676eb9283a1116a","method":"DELETE"}}
{"level":"warn","message":{"URL":"/cart63753bd46676eb9283a1116a","method":"DELETE"}}
{"level":"warn","message":{"URL":"/favicon.ico","method":"GET"}}
{"level":"warn","message":{"URL":"/favicon.ico","method":"GET"}}
{"level":"warn","message":{"URL":"/singup","method":"POST"}}
{"level":"warn","message":{"URL":"/favicon.ico","method":"GET"}}
{"level":"warn","message":{"URL":"/login=secrete_token=eyJhbGciOiJIUzI1NiIsInR5cCI6IkpXVCJ9.eyJ1c2VyIjp7Il9pZCI6IjYzNzVjMjZmOTk1NDI4NTdhNDJkODQzNiIsImVtYWlsIjoiZnJhbmxhZ29yaW9AZ21haWwuY29tIn0sImlhdCI6MTY3MjI4MjI2NH0.N-ksMQloVGffAi6j0PgJS8zFH8kyCOL9F7dhpHMfjKI","method":"GET"}}
{"level":"warn","message":{"URL":"/home=secrete_token=eyJhbGciOiJIUzI1NiIsInR5cCI6IkpXVCJ9.eyJ1c2VyIjp7Il9pZCI6IjYzNzVjMjZmOTk1NDI4NTdhNDJkODQzNiIsImVtYWlsIjoiZnJhbmxhZ29yaW9AZ21haWwuY29tIn0sImlhdCI6MTY3MjI4MjI2NH0.N-ksMQloVGffAi6j0PgJS8zFH8kyCOL9F7dhpHMfjKI","method":"GET"}}
{"level":"warn","message":{"URL":"/home=secrete_token=eyJhbGciOiJIUzI1NiIsInR5cCI6IkpXVCJ9.eyJ1c2VyIjp7Il9pZCI6IjYzNzVjMjZmOTk1NDI4NTdhNDJkODQzNiIsImVtYWlsIjoiZnJhbmxhZ29yaW9AZ21haWwuY29tIn0sImlhdCI6MTY3MjI4MjI2NH0.N-ksMQloVGffAi6j0PgJS8zFH8kyCOL9F7dhpHMfjKI","method":"GET"}}
{"level":"warn","message":{"URL":"/lgoin","method":"GET"}}
{"level":"warn","message":{"URL":"/favicon.ico","method":"GET"}}
{"level":"warn","message":{"URL":"/hom","method":"GET"}}
{"level":"error","message":"Error in Saving user: ValidationError: name: Path `name` is required."}
{"level":"error","message":"Error in Saving user: MongoServerError: E11000 duplicate key error collection: test.users index: name_1 dup key: { name: \"carolina\" }"}
{"level":"error","message":"Error in Saving user: MongoServerError: E11000 duplicate key error collection: test.users index: name_1 dup key: { name: \"carolina1234\" }"}
{"level":"error","message":"Error in Saving user: MongoServerError: E11000 duplicate key error collection: test.users index: name_1 dup key: { name: \"carolina12345\" }"}
{"level":"error","message":"Error in Saving user: MongoServerError: E11000 duplicate key error collection: test.users index: name_1 dup key: { name: \"carolina12345\" }"}
{"level":"warn","message":{"URL":"/signup/failsignup","method":"POST"}}
{"level":"error","message":"Error in Saving user: MongoServerError: E11000 duplicate key error collection: test.users index: name_1 dup key: { name: \"caro123\" }"}
{"level":"error","message":"Error in Saving user: MongoServerError: E11000 duplicate key error collection: test.users index: name_1 dup key: { name: \"caro123\" }"}
{"level":"error","message":"Error in Saving user: MongoServerError: E11000 duplicate key error collection: test.users index: name_1 dup key: { name: \"caro123\" }"}
{"level":"warn","message":{"URL":"/signup/failsignup","method":"POST"}}
{"level":"error","message":"Error in Saving user: MongoServerError: E11000 duplicate key error collection: test.users index: name_1 dup key: { name: \"caro123\" }"}
{"level":"warn","message":{"URL":"/signup/failsignup","method":"POST"}}
{"level":"error","message":"Error in Saving user: MongoServerError: E11000 duplicate key error collection: test.users index: name_1 dup key: { name: \"caro\" }"}
{"level":"error","message":"Error in Saving user: MongoServerError: E11000 duplicate key error collection: test.users index: name_1 dup key: { name: \"caro\" }"}
{"level":"error","message":"Error in Saving user: MongoServerError: E11000 duplicate key error collection: test.users index: name_1 dup key: { name: \"caro\" }"}
{"level":"warn","message":{"URL":"/signup/failsignup","method":"POST"}}
{"level":"warn","message":{"URL":"/home=?secret_token=eyJhbGciOiJIUzI1NiIsInR5cCI6IkpXVCJ9.eyJ1c2VyIjp7Il9pZCI6IjYzYjM1ZTVkZDgzYzNmYmI2ZTEzMmQwMiIsImVtYWlsIjoiZnJhbmxhZ29yaW9AZ21haWwuY29tIiwicGFzc3dvcmQiOiIkMmIkMTAkT3oueUlySXpsd20xSktnWGw1VC51ZUV6Rk8zU09taHJCTm9Ubm04VW9YU2V4MEpNT0VpSUsifSwiaWF0IjoxNjcyNjk5NDkyfQ.YoypwPWGfmLCfVhMaBD3pt_z2JVazRa-BRSvmCiz5Bs","method":"GET"}}
{"level":"warn","message":{"URL":"/signup/failsignup","method":"POST"}}
{"level":"error","message":"Error in Saving user: ReferenceError: image is not defined"}
{"level":"error","message":"Error in Saving user: ReferenceError: image is not defined"}
{"level":"warn","message":{"URL":"/home=?secret_token=eyJhbGciOiJIUzI1NiIsInR5cCI6IkpXVCJ9.eyJ1c2VyIjp7Il9pZCI6IjYzYjM1ZTVkZDgzYzNmYmI2ZTEzMmQwMiIsImVtYWlsIjoiZnJhbmxhZ29yaW9AZ21haWwuY29tIiwicGFzc3dvcmQiOiIkMmIkMTAkT3oueUlySXpsd20xSktnWGw1VC51ZUV6Rk8zU09taHJCTm9Ubm04VW9YU2V4MEpNT0VpSUsifSwiaWF0IjoxNjcyNjk5NDkyfQ.YoypwPWGfmLCfVhMaBD3pt_z2JVazRa-BRSvmCiz5Bs","method":"GET"}}
{"level":"warn","message":{"URL":"/favicon.ico","method":"GET"}}
{"level":"warn","message":{"URL":"/favicon.ico","method":"GET"}}
{"level":"warn","message":{"URL":"/favicon.ico","method":"GET"}}
{"level":"warn","message":{"URL":"/","method":"POST"}}
{"level":"warn","message":{"URL":"/failsignup","method":"GET"}}
{"level":"warn","message":{"URL":"/failsignup","method":"GET"}}
{"level":"warn","message":{"URL":"/failsignup","method":"GET"}}
{"level":"warn","message":{"URL":"/failsignup","method":"GET"}}
{"level":"error","message":"Error in Saving user: ValidationError: name: Path `name` is required., password: Path `password` is required."}
{"level":"error","message":"Error in Saving user: ValidationError: name: Path `name` is required., password: Path `password` is required."}
{"level":"error","message":"Error in Saving user: ValidationError: name: Path `name` is required., password: Path `password` is required."}
{"level":"error","message":"Error in Saving user: ValidationError: name: Path `name` is required., password: Path `password` is required."}
{"level":"warn","message":{"URL":"/favicon.ico","method":"GET"}}
{"level":"error","message":"Error in Saving user: ValidationError: age: Cast to Number failed for value \"!#!#!\" (type string) at path \"age\""}
{"level":"error","message":"Error in Saving user: ValidationError: age: Cast to Number failed for value \"!#!#!\" (type string) at path \"age\""}
{"level":"error","message":"Error in Saving user: ValidationError: age: Cast to Number failed for value \"!#!#!\" (type string) at path \"age\""}
{"level":"warn","message":{"URL":"/auth/google","method":"POST"}}
{"level":"warn","message":{"URL":"/login","method":"GET"}}
{"level":"warn","message":{"URL":"/login","method":"GET"}}
{"level":"warn","message":{"URL":"/info","method":"GET"}}
{"level":"warn","message":{"URL":"/login","method":"GET"}}
{"level":"warn","message":{"URL":"/login/google","method":"POST"}}
{"level":"warn","message":{"URL":"/login/google/callback?code=4%2F0AWtgzh7i_kCj07UjaVMer9ItI4OU7h_9T93XxY_FCwyOG3p6PgkDFbeNnLz9svbY5yy56g&scope=profile+https%3A%2F%2Fwww.googleapis.com%2Fauth%2Fuserinfo.profile","method":"GET"}}
